task2.c:75:13: warning: implicit declaration of function 'Own_Below_Threat' is invalid in C99 [-Wimplicit-function-declaration]
        result = !(Own_Below_Threat()) || ((Own_Below_Threat()) && (!(Down_Separation >= ALIM())));
                   ^
task2.c:79:11: warning: implicit declaration of function 'Own_Above_Threat' is invalid in C99 [-Wimplicit-function-declaration]
        result = Own_Above_Threat() && (Cur_Vertical_Sep >= MINSEP) && (Up_Separation >= ALIM());
                 ^
task2.c:93:11: warning: implicit declaration of function 'Own_Below_Threat' is invalid in C99 [-Wimplicit-function-declaration]
        result = Own_Below_Threat() && (Cur_Vertical_Sep >= MINSEP) && (Down_Separation >= ALIM());
                 ^
task2.c:97:13: warning: implicit declaration of function 'Own_Above_Threat' is invalid in C99 [-Wimplicit-function-declaration]
        result = !(Own_Above_Threat()) || ((Own_Above_Threat()) && (Up_Separation >= ALIM()));
                   ^
task2.c:144:1: warning: type specifier missing, defaults to 'int' [-Wimplicit-int]
main(argc, argv)
^
task2.c:155:2: warning: implicitly declaring library function 'exit' with type 'void (int) __attribute__((noreturn))' [-Wimplicit-function-declaration]
        exit(1);
        ^
task2.c:155:2: note: include the header <stdlib.h> or explicitly provide a declaration for 'exit'
task2.c:158:24: warning: implicit declaration of function 'atoi' is invalid in C99 [-Wimplicit-function-declaration]
    Cur_Vertical_Sep = atoi(argv[1]);
                       ^
7 warnings generated.
